<?xml version="1.0" encoding="UTF-8"?>
<TestRun id="3d3cafcd-98d4-476f-aae6-1d80b77bfaee" name="fmao@AIOA026 2013-11-07 08:33:22" runUser="AGLC\fmao" xmlns="http://microsoft.com/schemas/VisualStudio/TeamTest/2010">
  <TestSettings name="Default Test Settings" id="98fc0913-d57b-4e4e-a768-7870cb099c29">
    <Deployment runDeploymentRoot="fmao_AIOA026 2013-11-07 08_33_22">
      <DeploymentItem filename="C:\work_dir\Aglc\MvcApplication3\packages\Microsoft.AspNet.WebPages.2.0.20710.0\lib\net40\System.Web.Helpers.dll" />
      <DeploymentItem filename="C:\work_dir\Aglc\MvcApplication3\packages\Microsoft.AspNet.WebApi.Client.4.0.20710.0\lib\net40\System.Net.Http.Formatting.dll" />
      <DeploymentItem filename="C:\work_dir\Aglc\MvcApplication3\packages\Microsoft.AspNet.WebPages.2.0.20710.0\lib\net40\System.Web.WebPages.Razor.dll" />
      <DeploymentItem filename="C:\work_dir\Aglc\MvcApplication3\packages\Microsoft.AspNet.WebPages.2.0.20710.0\lib\net40\System.Web.WebPages.dll" />
      <DeploymentItem filename="C:\work_dir\Aglc\MvcApplication3\packages\Microsoft.Net.Http.2.0.20710.0\lib\net40\System.Net.Http.WebRequest.dll" />
      <DeploymentItem filename="C:\work_dir\Aglc\MvcApplication3\packages\Microsoft.AspNet.Mvc.4.0.20710.0\lib\net40\System.Web.Mvc.dll" />
      <DeploymentItem filename="C:\work_dir\Aglc\MvcApplication3\MvcApplication3\bin\MvcApplication3.dll" />
      <DeploymentItem filename="C:\work_dir\Aglc\MvcApplication3\packages\Microsoft.AspNet.WebPages.2.0.20710.0\lib\net40\System.Web.WebPages.Deployment.dll" />
      <DeploymentItem filename="C:\work_dir\Aglc\MvcApplication3\packages\Newtonsoft.Json.4.5.6\lib\net40\Newtonsoft.Json.dll" />
      <DeploymentItem filename="C:\work_dir\Aglc\MvcApplication3\packages\Microsoft.Net.Http.2.0.20710.0\lib\net40\System.Net.Http.dll" />
      <DeploymentItem filename="C:\work_dir\Aglc\MvcApplication3\packages\Microsoft.Web.Infrastructure.1.0.0.0\lib\net40\Microsoft.Web.Infrastructure.dll" />
      <DeploymentItem filename="C:\work_dir\Aglc\MvcApplication3\packages\Microsoft.AspNet.Razor.2.0.20710.0\lib\net40\System.Web.Razor.dll" />
      <DeploymentItem filename="C:\work_dir\Aglc\MvcApplication3\packages\Microsoft.AspNet.WebApi.Core.4.0.20710.0\lib\net40\System.Web.Http.dll" />
      <DeploymentItem filename="C:\work_dir\Aglc\MvcApplication3\packages\Microsoft.AspNet.WebApi.WebHost.4.0.20710.0\lib\net40\System.Web.Http.WebHost.dll" />
    </Deployment>
    <Execution>
      <TestTypeSpecific />
      <AgentRule name="Execution Agents">
      </AgentRule>
    </Execution>
  </TestSettings>
  <Times creation="2013-11-07T08:33:22.9471888-07:00" queuing="2013-11-07T08:33:23.6631888-07:00" start="2013-11-07T08:33:23.6701888-07:00" finish="2013-11-07T08:33:23.9251888-07:00" />
  <ResultSummary outcome="Completed">
    <Counters total="1" executed="1" passed="1" error="0" failed="0" timeout="0" aborted="0" inconclusive="0" passedButRunAborted="0" notRunnable="0" notExecuted="0" disconnected="0" warning="0" completed="0" inProgress="0" pending="0" />
  </ResultSummary>
  <TestDefinitions>
    <UnitTest name="GetById" storage="c:\work_dir\aglc\mvcapplication3\mvcapplication3.tests\bin\debug\mvcapplication3.tests.dll" id="60132181-d246-4c88-2420-97f111a699b7">
      <Execution id="a88e73f9-8b81-46f9-b88e-8151ffb5d4d8" />
      <TestMethod codeBase="C:/work_dir/Aglc/MvcApplication3/MvcApplication3.Tests/bin/Debug/MvcApplication3.Tests.DLL" adapterTypeName="Microsoft.VisualStudio.TestTools.TestTypes.Unit.UnitTestAdapter, Microsoft.VisualStudio.QualityTools.Tips.UnitTest.Adapter, Version=10.0.0.0, Culture=neutral, PublicKeyToken=b03f5f7f11d50a3a" className="MvcApplication3.Tests.Controllers.ValuesControllerTest, MvcApplication3.Tests, Version=1.0.0.0, Culture=neutral, PublicKeyToken=null" name="GetById" />
    </UnitTest>
  </TestDefinitions>
  <TestLists>
    <TestList name="Results Not in a List" id="8c84fa94-04c1-424b-9868-57a2d4851a1d" />
    <TestList name="All Loaded Results" id="19431567-8539-422a-85d7-44ee4e166bda" />
  </TestLists>
  <TestEntries>
    <TestEntry testId="60132181-d246-4c88-2420-97f111a699b7" executionId="a88e73f9-8b81-46f9-b88e-8151ffb5d4d8" testListId="8c84fa94-04c1-424b-9868-57a2d4851a1d" />
  </TestEntries>
  <Results>
    <UnitTestResult executionId="a88e73f9-8b81-46f9-b88e-8151ffb5d4d8" testId="60132181-d246-4c88-2420-97f111a699b7" testName="GetById" computerName="AIOA026" duration="00:00:00.0180046" startTime="2013-11-07T08:33:23.6771888-07:00" endTime="2013-11-07T08:33:23.9091888-07:00" testType="13cdc9d9-ddb5-4fa4-a97d-d965ccfc6d4b" outcome="Passed" testListId="8c84fa94-04c1-424b-9868-57a2d4851a1d" relativeResultsDirectory="a88e73f9-8b81-46f9-b88e-8151ffb5d4d8">
    </UnitTestResult>
  </Results>
</TestRun>