<?xml version="1.0" encoding="UTF-8"?>
<TestRun id="246c4fe5-1487-4f7a-95bc-f14307aa672d" name="fmao@AIOA026 2013-11-07 08:32:43" runUser="AGLC\fmao" xmlns="http://microsoft.com/schemas/VisualStudio/TeamTest/2010">
  <TestSettings name="Default Test Settings" id="c99af54e-1487-4564-9df1-f62768e62230">
    <Deployment runDeploymentRoot="fmao_AIOA026 2013-11-07 08_32_43">
      <DeploymentItem filename="C:\work_dir\Aglc\MvcApplication3\packages\Microsoft.AspNet.WebPages.2.0.20710.0\lib\net40\System.Web.Helpers.dll" />
      <DeploymentItem filename="C:\work_dir\Aglc\MvcApplication3\packages\Microsoft.AspNet.WebApi.Client.4.0.20710.0\lib\net40\System.Net.Http.Formatting.dll" />
      <DeploymentItem filename="C:\work_dir\Aglc\MvcApplication3\packages\Microsoft.AspNet.WebPages.2.0.20710.0\lib\net40\System.Web.WebPages.Razor.dll" />
      <DeploymentItem filename="C:\work_dir\Aglc\MvcApplication3\packages\Microsoft.AspNet.WebPages.2.0.20710.0\lib\net40\System.Web.WebPages.dll" />
      <DeploymentItem filename="C:\work_dir\Aglc\MvcApplication3\packages\Microsoft.Net.Http.2.0.20710.0\lib\net40\System.Net.Http.WebRequest.dll" />
      <DeploymentItem filename="C:\work_dir\Aglc\MvcApplication3\packages\Microsoft.AspNet.Mvc.4.0.20710.0\lib\net40\System.Web.Mvc.dll" />
      <DeploymentItem filename="C:\work_dir\Aglc\MvcApplication3\MvcApplication3\bin\MvcApplication3.dll" />
      <DeploymentItem filename="C:\work_dir\Aglc\MvcApplication3\packages\Microsoft.AspNet.WebPages.2.0.20710.0\lib\net40\System.Web.WebPages.Deployment.dll" />
      <DeploymentItem filename="C:\work_dir\Aglc\MvcApplication3\packages\Newtonsoft.Json.4.5.6\lib\net40\Newtonsoft.Json.dll" />
      <DeploymentItem filename="C:\work_dir\Aglc\MvcApplication3\packages\Microsoft.Net.Http.2.0.20710.0\lib\net40\System.Net.Http.dll" />
      <DeploymentItem filename="C:\work_dir\Aglc\MvcApplication3\packages\Microsoft.Web.Infrastructure.1.0.0.0\lib\net40\Microsoft.Web.Infrastructure.dll" />
      <DeploymentItem filename="C:\work_dir\Aglc\MvcApplication3\packages\Microsoft.AspNet.Razor.2.0.20710.0\lib\net40\System.Web.Razor.dll" />
      <DeploymentItem filename="C:\work_dir\Aglc\MvcApplication3\packages\Microsoft.AspNet.WebApi.Core.4.0.20710.0\lib\net40\System.Web.Http.dll" />
      <DeploymentItem filename="C:\work_dir\Aglc\MvcApplication3\packages\Microsoft.AspNet.WebApi.WebHost.4.0.20710.0\lib\net40\System.Web.Http.WebHost.dll" />
    </Deployment>
    <Execution>
      <TestTypeSpecific />
      <AgentRule name="Execution Agents">
      </AgentRule>
    </Execution>
  </TestSettings>
  <Times creation="2013-11-07T08:32:43.1621888-07:00" queuing="2013-11-07T08:32:46.7601888-07:00" start="2013-11-07T08:32:46.8311888-07:00" finish="2013-11-07T08:32:47.2301888-07:00" />
  <ResultSummary outcome="Completed">
    <Counters total="1" executed="1" passed="1" error="0" failed="0" timeout="0" aborted="0" inconclusive="0" passedButRunAborted="0" notRunnable="0" notExecuted="0" disconnected="0" warning="0" completed="0" inProgress="0" pending="0" />
  </ResultSummary>
  <TestDefinitions>
    <UnitTest name="Post" storage="c:\work_dir\aglc\mvcapplication3\mvcapplication3.tests\bin\debug\mvcapplication3.tests.dll" id="ee770f0d-ffbe-af62-802d-5a4774d2121a">
      <Execution id="4ddc0857-192a-41a0-a38c-7fd82a1dfdc1" />
      <TestMethod codeBase="C:/work_dir/Aglc/MvcApplication3/MvcApplication3.Tests/bin/Debug/MvcApplication3.Tests.DLL" adapterTypeName="Microsoft.VisualStudio.TestTools.TestTypes.Unit.UnitTestAdapter, Microsoft.VisualStudio.QualityTools.Tips.UnitTest.Adapter, Version=10.0.0.0, Culture=neutral, PublicKeyToken=b03f5f7f11d50a3a" className="MvcApplication3.Tests.Controllers.ValuesControllerTest, MvcApplication3.Tests, Version=1.0.0.0, Culture=neutral, PublicKeyToken=null" name="Post" />
    </UnitTest>
  </TestDefinitions>
  <TestLists>
    <TestList name="Results Not in a List" id="8c84fa94-04c1-424b-9868-57a2d4851a1d" />
    <TestList name="All Loaded Results" id="19431567-8539-422a-85d7-44ee4e166bda" />
  </TestLists>
  <TestEntries>
    <TestEntry testId="ee770f0d-ffbe-af62-802d-5a4774d2121a" executionId="4ddc0857-192a-41a0-a38c-7fd82a1dfdc1" testListId="8c84fa94-04c1-424b-9868-57a2d4851a1d" />
  </TestEntries>
  <Results>
    <UnitTestResult executionId="4ddc0857-192a-41a0-a38c-7fd82a1dfdc1" testId="ee770f0d-ffbe-af62-802d-5a4774d2121a" testName="Post" computerName="AIOA026" duration="00:00:00.0158733" startTime="2013-11-07T08:32:46.9251888-07:00" endTime="2013-11-07T08:32:47.1881888-07:00" testType="13cdc9d9-ddb5-4fa4-a97d-d965ccfc6d4b" outcome="Passed" testListId="8c84fa94-04c1-424b-9868-57a2d4851a1d" relativeResultsDirectory="4ddc0857-192a-41a0-a38c-7fd82a1dfdc1">
    </UnitTestResult>
  </Results>
</TestRun>